<?xml version="1.0" encoding="UTF-8"?>
<!-- Generated by org.testng.reporters.JUnitReportReporter -->
<testsuite hostname="L4NFWY7595" failures="0" tests="1" name="TestCases.LogInPage" time="2.765" errors="0" timestamp="2024-11-28T12:28:50 IST" skipped="0">
  <testcase classname="TestCases.LogInPage" name="LogIn" time="2.765"/>
</testsuite> <!-- TestCases.LogInPage -->
