<?xml version="1.0" encoding="UTF-8"?>
<!-- Generated by org.testng.reporters.JUnitReportReporter -->
<testsuite hostname="L4NFWY7595" failures="0" tests="1" name="Resources.LogInPage" time="3.026" errors="0" timestamp="2024-11-28T12:24:06 IST" skipped="0">
  <testcase classname="Resources.LogInPage" name="LogIn" time="3.026"/>
</testsuite> <!-- Resources.LogInPage -->
